0 info it worked if it ends with ok
1 verbose cli [
1 verbose cli   'C:\\Program Files\\nodejs\\node.exe',
1 verbose cli   'C:\\Program Files\\nodejs\\node_modules\\npm\\bin\\npm-cli.js',
1 verbose cli   'run',
1 verbose cli   'dev'
1 verbose cli ]
2 info using npm@6.13.4
3 info using node@v12.15.0
4 verbose run-script [ 'predev', 'dev', 'postdev' ]
5 info lifecycle with-redux@1.0.0~predev: with-redux@1.0.0
6 info lifecycle with-redux@1.0.0~dev: with-redux@1.0.0
7 verbose lifecycle with-redux@1.0.0~dev: unsafe-perm in lifecycle true
8 verbose lifecycle with-redux@1.0.0~dev: PATH: C:\Program Files\nodejs\node_modules\npm\node_modules\npm-lifecycle\node-gyp-bin;C:\next\fantasy-league\node_modules\.bin;C:\Program Files\Git\mingw64\bin;C:\Program Files\Git\usr\bin;C:\Users\Matthew Poulter\bin;C:\ProgramData\DockerDesktop\version-bin;C:\Program Files\Docker\Docker\Resources\bin;C:\Program Files (x86)\Intel\iCLS Client;C:\Program Files\Intel\iCLS Client;C:\WINDOWS\system32;C:\WINDOWS;C:\WINDOWS\System32\Wbem;C:\WINDOWS\System32\WindowsPowerShell\v1.0;C:\Program Files (x86)\Intel\OpenCL SDK\2.0\bin\x86;C:\Program Files (x86)\Intel\OpenCL SDK\2.0\bin\x64;C:\Program Files (x86)\Brackets\command;C:\Program Files (x86)\Intel\Intel(R) Management Engine Components\DAL;C:\Program Files\Intel\Intel(R) Management Engine Components\DAL;C:\Program Files (x86)\Intel\Intel(R) Management Engine Components\IPT;C:\Program Files\Intel\Intel(R) Management Engine Components\IPT;C:\Program Files\Git\cmd;C:\Program Files (x86)\QuickTime\QTSystem;C:\WINDOWS\System32\OpenSSH;C:\Program Files\PuTTY;C:\Program Files\Microsoft VS Code\bin;C:\xampp\php;C:\ProgramData\ComposerSetup\bin;C:\Program Files\nodejs;C:\Ruby24-x64\bin;C:\Users\Matthew Poulter\AppData\Local\Microsoft\WindowsApps;C:\Program Files\Microsoft VS Code\bin;C:\Users\Matthew Poulter\AppData\Roaming\Composer\vendor\bin;C:\Users\Matthew Poulter\AppData\Roaming\npm
9 verbose lifecycle with-redux@1.0.0~dev: CWD: C:\next\fantasy-league
10 silly lifecycle with-redux@1.0.0~dev: Args: [ '/d /s /c', 'next' ]
11 silly lifecycle with-redux@1.0.0~dev: Returned: code: 3221225786  signal: null
12 info lifecycle with-redux@1.0.0~dev: Failed to exec dev script
13 verbose stack Error: with-redux@1.0.0 dev: `next`
13 verbose stack Exit status 3221225786
13 verbose stack     at EventEmitter.<anonymous> (C:\Program Files\nodejs\node_modules\npm\node_modules\npm-lifecycle\index.js:332:16)
13 verbose stack     at EventEmitter.emit (events.js:223:5)
13 verbose stack     at ChildProcess.<anonymous> (C:\Program Files\nodejs\node_modules\npm\node_modules\npm-lifecycle\lib\spawn.js:55:14)
13 verbose stack     at ChildProcess.emit (events.js:223:5)
13 verbose stack     at maybeClose (internal/child_process.js:1021:16)
13 verbose stack     at Process.ChildProcess._handle.onexit (internal/child_process.js:283:5)
14 verbose pkgid with-redux@1.0.0
15 verbose cwd C:\next\fantasy-league
16 verbose Windows_NT 10.0.17134
17 verbose argv "C:\\Program Files\\nodejs\\node.exe" "C:\\Program Files\\nodejs\\node_modules\\npm\\bin\\npm-cli.js" "run" "dev"
18 verbose node v12.15.0
19 verbose npm  v6.13.4
20 error code ELIFECYCLE
21 error errno 3221225786
22 error with-redux@1.0.0 dev: `next`
22 error Exit status 3221225786
23 error Failed at the with-redux@1.0.0 dev script.
23 error This is probably not a problem with npm. There is likely additional logging output above.
24 verbose exit [ 3221225786, true ]
